<?xml version="1.0" encoding="UTF-8"?>
<!-- Generated by org.testng.reporters.JUnitXMLReporter -->
<testsuite hostname="REMOTE-SUNILN" ignored="0" name="Default test" tests="3" failures="0" timestamp="26 Mar 2018 12:08:56 GMT" time="0.163" errors="0">
  <testcase name="doLogout" time="0.019" classname="GitTest.TestGitPushPull"/>
  <testcase name="doPasswordChange" time="0.017" classname="GitTest.TestGitPushPull"/>
  <testcase name="doLogin" time="0.004" classname="GitTest.TestGitPushPull"/>
</testsuite> <!-- Default test -->
