<?xml version="1.0" encoding="UTF-8"?>
<testng-results skipped="0" failed="0" ignored="0" total="3" passed="3">
  <reporter-output>
  </reporter-output>
  <suite name="Default suite" duration-ms="163" started-at="2018-03-26T12:08:56Z" finished-at="2018-03-26T12:08:56Z">
    <groups>
    </groups>
    <test name="Default test" duration-ms="163" started-at="2018-03-26T12:08:56Z" finished-at="2018-03-26T12:08:56Z">
      <class name="GitTest.TestGitPushPull">
        <test-method status="PASS" signature="beforeTest()[pri:0, instance:GitTest.TestGitPushPull@1efbd816]" name="beforeTest" is-config="true" duration-ms="31" started-at="2018-03-26T08:08:56Z" finished-at="2018-03-26T08:08:56Z">
          <reporter-output>
          </reporter-output>
        </test-method> <!-- beforeTest -->
        <test-method status="PASS" signature="doLogout()[pri:1, instance:GitTest.TestGitPushPull@1efbd816]" name="doLogout" duration-ms="19" started-at="2018-03-26T08:08:56Z" finished-at="2018-03-26T08:08:56Z">
          <reporter-output>
          </reporter-output>
        </test-method> <!-- doLogout -->
        <test-method status="PASS" signature="beforeMethod()[pri:0, instance:GitTest.TestGitPushPull@1efbd816]" name="beforeMethod" is-config="true" duration-ms="0" started-at="2018-03-26T08:08:56Z" finished-at="2018-03-26T08:08:56Z">
          <reporter-output>
          </reporter-output>
        </test-method> <!-- beforeMethod -->
        <test-method status="PASS" signature="afterMethod()[pri:0, instance:GitTest.TestGitPushPull@1efbd816]" name="afterMethod" is-config="true" duration-ms="0" started-at="2018-03-26T08:08:56Z" finished-at="2018-03-26T08:08:56Z">
          <reporter-output>
          </reporter-output>
        </test-method> <!-- afterMethod -->
        <test-method status="PASS" signature="beforeMethod()[pri:0, instance:GitTest.TestGitPushPull@1efbd816]" name="beforeMethod" is-config="true" duration-ms="1" started-at="2018-03-26T08:08:56Z" finished-at="2018-03-26T08:08:56Z">
          <reporter-output>
          </reporter-output>
        </test-method> <!-- beforeMethod -->
        <test-method status="PASS" signature="doPasswordChange()[pri:2, instance:GitTest.TestGitPushPull@1efbd816]" name="doPasswordChange" duration-ms="17" started-at="2018-03-26T08:08:56Z" finished-at="2018-03-26T08:08:56Z">
          <reporter-output>
          </reporter-output>
        </test-method> <!-- doPasswordChange -->
        <test-method status="PASS" signature="afterMethod()[pri:0, instance:GitTest.TestGitPushPull@1efbd816]" name="afterMethod" is-config="true" duration-ms="0" started-at="2018-03-26T08:08:56Z" finished-at="2018-03-26T08:08:56Z">
          <reporter-output>
          </reporter-output>
        </test-method> <!-- afterMethod -->
        <test-method status="PASS" signature="beforeMethod()[pri:0, instance:GitTest.TestGitPushPull@1efbd816]" name="beforeMethod" is-config="true" duration-ms="4" started-at="2018-03-26T08:08:56Z" finished-at="2018-03-26T08:08:56Z">
          <reporter-output>
          </reporter-output>
        </test-method> <!-- beforeMethod -->
        <test-method status="PASS" signature="doLogin()[pri:3, instance:GitTest.TestGitPushPull@1efbd816]" name="doLogin" duration-ms="4" started-at="2018-03-26T08:08:56Z" finished-at="2018-03-26T08:08:56Z">
          <reporter-output>
          </reporter-output>
        </test-method> <!-- doLogin -->
        <test-method status="PASS" signature="afterMethod()[pri:0, instance:GitTest.TestGitPushPull@1efbd816]" name="afterMethod" is-config="true" duration-ms="0" started-at="2018-03-26T08:08:56Z" finished-at="2018-03-26T08:08:56Z">
          <reporter-output>
          </reporter-output>
        </test-method> <!-- afterMethod -->
        <test-method status="PASS" signature="afterTest()[pri:0, instance:GitTest.TestGitPushPull@1efbd816]" name="afterTest" is-config="true" duration-ms="0" started-at="2018-03-26T08:08:56Z" finished-at="2018-03-26T08:08:56Z">
          <reporter-output>
          </reporter-output>
        </test-method> <!-- afterTest -->
      </class> <!-- GitTest.TestGitPushPull -->
    </test> <!-- Default test -->
  </suite> <!-- Default suite -->
</testng-results>
